[2026-04-06 19:41:12] [INFO] Artemis started.
[2026-04-06 19:41:12] [INFO] Configuration loaded successfully.
[2026-04-06 19:41:12] [INFO] Loaded 2 entries for mode 'work'.
[2026-04-06 19:41:12] [INFO] Executing entry: Open Notepad (command)
[2026-04-06 19:41:12] [INFO] Launch success: ['notepad.exe']
[2026-04-06 19:41:12] [INFO] Executing entry: Python Test Script (python)
[2026-04-06 19:41:12] [INFO] Launch success: ['python', 'scripts\\python\\test_script.py']
[2026-04-06 19:45:10] [INFO] Artemis started.
[2026-04-06 19:45:10] [INFO] Configuration loaded successfully.
[2026-04-06 19:45:10] [INFO] Loaded 2 entries for mode 'work'.
[2026-04-06 19:45:10] [INFO] Running mode: work
[2026-04-06 19:45:10] [INFO] Executing entry: Open Notepad (command)
[2026-04-06 19:45:10] [INFO] Launch success: ['notepad.exe']
[2026-04-06 19:45:10] [INFO] Executing entry: Python Test Script (python)
[2026-04-06 19:45:10] [INFO] Launch success: ['python', 'scripts\\python\\test_script.py']
[2026-04-06 19:45:42] [INFO] Artemis started.
[2026-04-06 19:45:42] [INFO] Configuration loaded successfully.
[2026-04-06 19:45:42] [INFO] Loaded 2 entries for mode 'work'.
[2026-04-06 19:45:42] [INFO] Running mode: work
[2026-04-06 19:45:42] [INFO] Executing entry: Open Notepad (command)
[2026-04-06 19:45:42] [INFO] Launch success: ['notepad.exe']
[2026-04-06 19:45:42] [INFO] Waiting 1 second(s) after 'Open Notepad'
[2026-04-06 19:45:43] [INFO] Executing entry: Python Test Script (python)
[2026-04-06 19:45:43] [INFO] Launch success: ['python', 'scripts\\python\\test_script.py']
[2026-04-06 19:46:32] [INFO] Artemis started.
[2026-04-06 19:46:32] [INFO] Configuration loaded successfully.
[2026-04-06 19:46:32] [INFO] Loaded 2 entries for mode 'work'.
[2026-04-06 19:46:32] [INFO] Running mode: work
[2026-04-06 19:46:32] [WARNING] Skipping disabled entry: Open Notepad
[2026-04-06 19:46:32] [INFO] Executing entry: Python Test Script (python)
[2026-04-06 19:46:32] [INFO] Launch success: ['python', 'scripts\\python\\test_script.py']
[2026-04-06 19:47:04] [INFO] Artemis started.
[2026-04-06 19:47:04] [INFO] Configuration loaded successfully.
[2026-04-06 19:47:04] [INFO] Loaded 2 entries for mode 'work'.
[2026-04-06 19:47:04] [INFO] Running mode: work
[2026-04-06 19:47:04] [WARNING] Skipping disabled entry: Open Notepad
[2026-04-06 19:47:04] [INFO] Executing entry: Python Test Script (python)
[2026-04-06 19:47:04] [INFO] Launch success: ['python', 'scripts\\python\\test_script.py']
[2026-04-06 19:47:04] [INFO] Artemis started.
[2026-04-06 19:47:04] [INFO] Configuration loaded successfully.
[2026-04-06 19:47:04] [INFO] Loaded 2 entries for mode 'work'.
[2026-04-06 19:47:04] [INFO] Running mode: work
[2026-04-06 19:47:04] [WARNING] Skipping disabled entry: Open Notepad
[2026-04-06 19:47:04] [INFO] Executing entry: Python Test Script (python)
[2026-04-06 19:47:04] [INFO] Launch success: ['python', 'scripts\\python\\test_script.py']
[2026-04-06 19:47:04] [INFO] Artemis started.
[2026-04-06 19:47:04] [INFO] Configuration loaded successfully.
[2026-04-06 19:47:04] [INFO] Loaded 2 entries for mode 'work'.
[2026-04-06 19:47:04] [INFO] Running mode: work
[2026-04-06 19:47:04] [WARNING] Skipping disabled entry: Open Notepad
[2026-04-06 19:47:04] [INFO] Executing entry: Python Test Script (python)
[2026-04-06 19:47:04] [INFO] Launch success: ['python', 'scripts\\python\\test_script.py']
[2026-04-06 19:49:20] [INFO] Artemis started.
[2026-04-06 19:49:20] [INFO] Configuration loaded successfully.
[2026-04-06 19:49:20] [INFO] Loaded 2 entries for mode 'work'.
[2026-04-06 19:49:20] [INFO] Running mode: work
[2026-04-06 19:49:20] [WARNING] Skipping disabled entry: Open Notepad
[2026-04-06 19:49:20] [INFO] Executing entry: Python Test Script (python)
[2026-04-06 19:49:20] [INFO] Launch success: ['python', 'scripts\\python\\test_script.py']
[2026-04-06 19:49:20] [INFO] Artemis started.
[2026-04-06 19:49:20] [INFO] Configuration loaded successfully.
[2026-04-06 19:49:20] [INFO] Loaded 1 entries for mode 'gaming'.
[2026-04-06 19:49:20] [INFO] Running mode: gaming
[2026-04-06 19:49:20] [INFO] Executing entry: Open Calculator (command)
[2026-04-06 19:49:20] [INFO] Launch success: ['calc.exe']
[2026-04-06 19:49:20] [INFO] Artemis started.
[2026-04-06 19:49:20] [INFO] Configuration loaded successfully.
[2026-04-06 19:49:20] [INFO] Loaded 1 entries for mode 'utilities'.
[2026-04-06 19:49:20] [INFO] Running mode: utilities
[2026-04-06 19:49:20] [INFO] Executing entry: AHK Test Script (ahk)
[2026-04-06 19:49:20] [ERROR] Launch failed: ['AutoHotkey.exe', 'scripts\\ahk\\test_script.ahk'] | Error: [WinError 2] The system cannot find the file specified
[2026-04-06 19:58:52] [INFO] Artemis started.
[2026-04-06 19:58:52] [INFO] Configuration loaded successfully.
[2026-04-06 19:58:52] [INFO] Loaded 1 entries for mode 'utilities'.
[2026-04-06 19:58:52] [INFO] Running mode: utilities
[2026-04-06 19:58:52] [INFO] Executing entry: AHK Test Script (ahk)
[2026-04-06 19:58:52] [ERROR] Launch failed: ['AutoHotkey.exe', '.'] | Error: [WinError 2] The system cannot find the file specified
[2026-04-06 20:01:23] [INFO] Artemis started.
[2026-04-06 20:01:23] [INFO] Configuration loaded successfully.
[2026-04-06 20:01:23] [INFO] Loaded 1 entries for mode 'utilities'.
[2026-04-06 20:01:23] [INFO] Running mode: utilities
[2026-04-06 20:01:23] [INFO] Executing entry: AHK Test Script (ahk)
[2026-04-06 20:01:23] [INFO] Launch success: ['C:\\Program Files\\AutoHotkey\\v2\\AutoHotkey64.exe', 'scripts\\ahk\\test_script.ahk']
[2026-04-06 20:10:35] [INFO] Artemis started.
[2026-04-06 20:10:35] [INFO] Configuration loaded successfully.
[2026-04-06 20:10:35] [INFO] Loaded 2 entries for mode 'work'.
[2026-04-06 20:10:35] [INFO] Running mode: work
[2026-04-06 20:10:35] [WARNING] Skipping disabled entry: Open Notepad
[2026-04-06 20:10:35] [INFO] Executing entry: Python Test Script (python)
[2026-04-06 20:10:35] [INFO] Launch success: ['python', 'scripts\\python\\test_script.py']
[2026-04-06 20:16:12] [INFO] Artemis started.
[2026-04-06 20:16:12] [INFO] Configuration loaded successfully.
[2026-04-06 20:16:12] [INFO] Loaded 4 entries for mode 'work'.
[2026-04-06 20:16:12] [INFO] Running mode: work
[2026-04-06 20:16:12] [WARNING] Skipping disabled entry: Open Notepad
[2026-04-06 20:16:12] [INFO] Executing entry: Python Test Script (python)
[2026-04-06 20:16:12] [INFO] Launch success: ['python', 'scripts\\python\\test_script.py']
[2026-04-06 20:16:12] [INFO] Executing entry: Open YouTube (url)
[2026-04-06 20:16:12] [ERROR] Failed to open URL: https://youtube.com | Error: name 'webbrowser' is not defined
[2026-04-06 20:16:12] [INFO] Waiting 1 second(s) after 'Open YouTube'
[2026-04-06 20:16:13] [INFO] Executing entry: Open Desktop (folder)
[2026-04-06 20:16:13] [INFO] Opened folder: C:\Users\mariu\Desktop
[2026-04-06 20:18:34] [INFO] Artemis started.
[2026-04-06 20:18:34] [INFO] Configuration loaded successfully.
[2026-04-06 20:18:34] [INFO] Loaded 4 entries for mode 'work'.
[2026-04-06 20:18:34] [INFO] Running mode: work
[2026-04-06 20:18:34] [WARNING] Skipping disabled entry: Open Notepad
[2026-04-06 20:18:34] [INFO] Executing entry: Python Test Script (python)
[2026-04-06 20:18:34] [INFO] Launch success: ['python', 'scripts\\python\\test_script.py']
[2026-04-06 20:18:34] [INFO] Executing entry: Open YouTube (url)
[2026-04-06 20:18:34] [INFO] Opened URL: https://youtube.com
[2026-04-06 20:18:34] [INFO] Waiting 1 second(s) after 'Open YouTube'
[2026-04-06 20:18:35] [INFO] Executing entry: Open Desktop (folder)
[2026-04-06 20:18:35] [INFO] Opened folder: C:\Users\mariu\Desktop
[2026-04-06 20:31:34] [INFO] Artemis started.
[2026-04-06 20:31:34] [INFO] Configuration loaded successfully.
[2026-04-06 20:31:34] [INFO] Loaded 4 entries for mode 'work'.
[2026-04-06 20:31:34] [INFO] Running mode: work
[2026-04-06 20:31:34] [WARNING] Skipping disabled entry: Open Notepad
[2026-04-06 20:31:34] [INFO] Executing entry: Python Test Script (python)
[2026-04-06 20:31:34] [INFO] Launch success: ['python', 'scripts\\python\\test_script.py'] | cwd=C:\Users\mariu\Desktop\Artemis-Toolkit
[2026-04-06 20:31:34] [INFO] Executing entry: Open YouTube (url)
[2026-04-06 20:31:34] [INFO] Opened URL: https://youtube.com
[2026-04-06 20:31:34] [INFO] Waiting 1 second(s) after 'Open YouTube'
[2026-04-06 20:31:35] [INFO] Executing entry: Open Desktop (folder)
[2026-04-06 20:31:35] [INFO] Opened folder: C:\Users\mariu\Desktop
[2026-04-06 20:31:35] [INFO] Run summary for mode 'work': 3 success, 0 failed, 1 skipped.
[2026-04-06 20:31:35] [INFO] Artemis started.
[2026-04-06 20:31:35] [INFO] Configuration loaded successfully.
[2026-04-06 20:31:35] [INFO] Loaded 1 entries for mode 'gaming'.
[2026-04-06 20:31:35] [INFO] Running mode: gaming
[2026-04-06 20:31:35] [INFO] Executing entry: Open Calculator (command)
[2026-04-06 20:31:35] [INFO] Launch success: ['calc.exe']
[2026-04-06 20:31:35] [INFO] Run summary for mode 'gaming': 1 success, 0 failed, 0 skipped.
[2026-04-06 20:31:35] [INFO] Artemis started.
[2026-04-06 20:31:35] [INFO] Configuration loaded successfully.
[2026-04-06 20:31:35] [INFO] Loaded 1 entries for mode 'utilities'.
[2026-04-06 20:31:35] [INFO] Running mode: utilities
[2026-04-06 20:31:35] [INFO] Executing entry: AHK Test Script (ahk)
[2026-04-06 20:31:35] [INFO] Launch success: ['C:\\Program Files\\AutoHotkey\\v2\\AutoHotkey64.exe', 'scripts\\ahk\\test_script.ahk']
[2026-04-06 20:31:35] [INFO] Run summary for mode 'utilities': 1 success, 0 failed, 0 skipped.
[2026-04-07 01:33:30] [INFO] Artemis started.
[2026-04-07 01:33:30] [INFO] Configuration loaded successfully.
[2026-04-07 01:33:30] [INFO] Loaded 4 entries for mode 'work'.
[2026-04-07 01:33:30] [INFO] Running mode: work
[2026-04-07 01:33:30] [WARNING] Skipping disabled entry: Open Notepad
[2026-04-07 01:33:30] [INFO] Executing entry: Python Test Script (python)
[2026-04-07 01:33:30] [INFO] Launch success: ['python', 'scripts\\python\\test_script.py'] | cwd=C:\Users\mariu\Desktop\Artemis-Toolkit
[2026-04-07 01:33:30] [INFO] Executing entry: Open YouTube (url)
[2026-04-07 01:33:30] [INFO] Opened URL: https://youtube.com
[2026-04-07 01:33:30] [INFO] Waiting 1 second(s) after 'Open YouTube'
[2026-04-07 01:33:31] [INFO] Executing entry: Open Desktop (folder)
[2026-04-07 01:33:31] [INFO] Opened folder: C:\Users\mariu\Desktop
[2026-04-07 01:33:31] [INFO] Run summary for mode 'work': 3 success, 0 failed, 1 skipped.
[2026-04-07 01:33:50] [INFO] Artemis started.
[2026-04-07 01:33:50] [INFO] Configuration loaded successfully.
[2026-04-07 01:33:50] [INFO] Loaded 4 entries for mode 'work'.
[2026-04-07 01:33:50] [INFO] Running mode: work
[2026-04-07 01:33:50] [WARNING] Skipping disabled entry: Open Notepad
[2026-04-07 01:33:50] [INFO] Executing entry: Python Test Script (python)
[2026-04-07 01:33:50] [INFO] Launch success: ['python', 'scripts\\python\\test_script.py'] | cwd=C:\Users\mariu\Desktop\Artemis-Toolkit
[2026-04-07 01:33:50] [INFO] Executing entry: Open YouTube (url)
[2026-04-07 01:33:51] [INFO] Opened URL: https://youtube.com
[2026-04-07 01:33:51] [INFO] Waiting 1 second(s) after 'Open YouTube'
[2026-04-07 01:33:52] [INFO] Executing entry: Open Desktop (folder)
[2026-04-07 01:33:52] [INFO] Opened folder: C:\Users\mariu\Desktop
[2026-04-07 01:33:52] [INFO] Run summary for mode 'work': 3 success, 0 failed, 1 skipped.
[2026-04-07 01:33:52] [INFO] Artemis started.
[2026-04-07 01:33:52] [INFO] Configuration loaded successfully.
[2026-04-07 01:33:52] [INFO] Loaded 1 entries for mode 'gaming'.
[2026-04-07 01:33:52] [INFO] Running mode: gaming
[2026-04-07 01:33:52] [INFO] Executing entry: Open Calculator (command)
[2026-04-07 01:33:52] [INFO] Launch success: ['calc.exe']
[2026-04-07 01:33:52] [INFO] Run summary for mode 'gaming': 1 success, 0 failed, 0 skipped.
[2026-04-07 01:33:52] [INFO] Artemis started.
[2026-04-07 01:33:52] [INFO] Configuration loaded successfully.
[2026-04-07 01:33:52] [INFO] Loaded 1 entries for mode 'utilities'.
[2026-04-07 01:33:52] [INFO] Running mode: utilities
[2026-04-07 01:33:52] [INFO] Executing entry: AHK Test Script (ahk)
[2026-04-07 01:33:52] [INFO] Launch success: ['C:\\Program Files\\AutoHotkey\\v2\\AutoHotkey64.exe', 'scripts\\ahk\\test_script.ahk']
[2026-04-07 01:33:52] [INFO] Run summary for mode 'utilities': 1 success, 0 failed, 0 skipped.
[2026-04-07 20:14:31] [INFO] Artemis started.
[2026-04-07 20:16:18] [INFO] Artemis started.
[2026-04-07 20:16:18] [INFO] Configuration loaded successfully.
[2026-04-07 20:16:18] [INFO] Loaded 1 entries for mode 'utilities'.
[2026-04-07 20:16:18] [INFO] Running mode: utilities
[2026-04-07 20:16:18] [INFO] Executing entry: Downloads Auto Sorter (python)
[2026-04-07 20:16:18] [INFO] Launch success: ['python', 'scripts\\python\\downloads_auto_sorter.py'] | cwd=C:\Users\mariu\Desktop\Artemis-Toolkit
[2026-04-07 20:16:18] [INFO] Run summary for mode 'utilities': 1 success, 0 failed, 0 skipped.
[2026-04-07 20:48:28] [INFO] Artemis started.
[2026-04-07 20:48:28] [INFO] Configuration loaded successfully.
[2026-04-07 20:48:28] [INFO] Loaded 2 entries for mode 'utilities'.
[2026-04-07 20:48:28] [INFO] Running mode: utilities
[2026-04-07 20:48:28] [INFO] Executing entry: Downloads Auto Sorter (python)
[2026-04-07 20:48:28] [INFO] Launch success: ['python', 'scripts\\python\\downloads_auto_sorter.py'] | cwd=C:\Users\mariu\Desktop\Artemis-Toolkit
[2026-04-07 20:48:28] [ERROR] Entry 'Unnamed Entry' is missing 'type'.
[2026-04-07 20:48:28] [ERROR] Validation failed for entry: Unnamed Entry
[2026-04-07 20:48:28] [INFO] Run summary for mode 'utilities': 1 success, 1 failed, 0 skipped.
[2026-04-07 20:52:28] [INFO] Artemis started.
[2026-04-07 20:52:28] [INFO] Configuration loaded successfully.
[2026-04-07 20:52:28] [INFO] Loaded 2 entries for mode 'utilities'.
[2026-04-07 20:52:28] [INFO] Running mode: utilities
[2026-04-07 20:52:28] [INFO] Executing entry: Downloads Auto Sorter (python)
[2026-04-07 20:52:28] [INFO] Launch success: ['python', 'scripts\\python\\downloads_auto_sorter.py'] | cwd=C:\Users\mariu\Desktop\Artemis-Toolkit
[2026-04-07 20:52:28] [ERROR] Entry 'Unnamed Entry' is missing 'type'.
[2026-04-07 20:52:28] [ERROR] Validation failed for entry: Unnamed Entry
[2026-04-07 20:52:28] [INFO] Run summary for mode 'utilities': 1 success, 1 failed, 0 skipped.
[2026-04-07 20:55:25] [INFO] Artemis started.
[2026-04-07 20:55:25] [INFO] Configuration loaded successfully.
[2026-04-07 20:55:25] [INFO] Loaded 2 entries for mode 'utilities'.
[2026-04-07 20:55:25] [INFO] Running mode: utilities
[2026-04-07 20:55:25] [INFO] Executing entry: Downloads Auto Sorter (python)
[2026-04-07 20:55:25] [INFO] Launch success: ['python', 'scripts\\python\\downloads_auto_sorter.py'] | cwd=C:\Users\mariu\Desktop\Artemis-Toolkit
[2026-04-07 20:55:25] [ERROR] Entry 'Unnamed Entry' is missing 'type'.
[2026-04-07 20:55:25] [ERROR] Validation failed for entry: Unnamed Entry
[2026-04-07 20:55:25] [INFO] Run summary for mode 'utilities': 1 success, 1 failed, 0 skipped.
[2026-04-07 20:55:36] [INFO] Artemis started.
[2026-04-07 20:55:36] [INFO] Configuration loaded successfully.
[2026-04-07 20:55:36] [INFO] Loaded 2 entries for mode 'utilities'.
[2026-04-07 20:55:36] [INFO] Running mode: utilities
[2026-04-07 20:55:36] [INFO] Executing entry: Downloads Auto Sorter (python)
[2026-04-07 20:55:36] [INFO] Launch success: ['python', 'scripts\\python\\downloads_auto_sorter.py'] | cwd=C:\Users\mariu\Desktop\Artemis-Toolkit
[2026-04-07 20:55:36] [ERROR] Entry 'Unnamed Entry' is missing 'type'.
[2026-04-07 20:55:36] [ERROR] Validation failed for entry: Unnamed Entry
[2026-04-07 20:55:36] [INFO] Run summary for mode 'utilities': 1 success, 1 failed, 0 skipped.
[2026-04-07 21:05:55] [INFO] Artemis started.
[2026-04-07 21:05:55] [INFO] Configuration loaded successfully.
[2026-04-07 21:05:55] [INFO] Loaded 2 entries for mode 'utilities'.
[2026-04-07 21:05:55] [INFO] Running mode: utilities
[2026-04-07 21:05:55] [INFO] Executing entry: Downloads Auto Sorter (python)
[2026-04-07 21:05:55] [INFO] Launch success: ['python', 'scripts\\python\\downloads_auto_sorter.py'] | cwd=C:\Users\mariu\Desktop\Artemis-Toolkit
[2026-04-07 21:05:55] [ERROR] Entry 'Unnamed Entry' is missing 'type'.
[2026-04-07 21:05:55] [ERROR] Validation failed for entry: Unnamed Entry
[2026-04-07 21:05:55] [INFO] Run summary for mode 'utilities': 1 success, 1 failed, 0 skipped.
[2026-04-07 21:07:49] [INFO] Artemis started.
[2026-04-07 21:07:49] [INFO] Configuration loaded successfully.
[2026-04-07 21:07:49] [INFO] Loaded 2 entries for mode 'utilities'.
[2026-04-07 21:07:49] [INFO] Running mode: utilities
[2026-04-07 21:07:49] [INFO] Executing entry: Downloads Auto Sorter (python)
[2026-04-07 21:07:49] [INFO] Launch success: ['python', 'scripts\\python\\downloads_auto_sorter.py'] | cwd=C:\Users\mariu\Desktop\Artemis-Toolkit
[2026-04-07 21:07:49] [ERROR] Entry 'Unnamed Entry' is missing 'type'.
[2026-04-07 21:07:49] [ERROR] Validation failed for entry: Unnamed Entry
[2026-04-07 21:07:49] [INFO] Run summary for mode 'utilities': 1 success, 1 failed, 0 skipped.
[2026-04-07 21:09:13] [INFO] Artemis started.
[2026-04-07 21:09:13] [INFO] Configuration loaded successfully.
[2026-04-07 21:09:13] [INFO] Loaded 2 entries for mode 'utilities'.
[2026-04-07 21:09:13] [INFO] Running mode: utilities
[2026-04-07 21:09:13] [INFO] Executing entry: Downloads Auto Sorter (python)
[2026-04-07 21:09:13] [INFO] Launch success: ['python', 'scripts\\python\\downloads_auto_sorter.py'] | cwd=C:\Users\mariu\Desktop\Artemis-Toolkit
[2026-04-07 21:09:13] [ERROR] Entry 'Unnamed Entry' is missing 'type'.
[2026-04-07 21:09:13] [ERROR] Validation failed for entry: Unnamed Entry
[2026-04-07 21:09:13] [INFO] Run summary for mode 'utilities': 1 success, 1 failed, 0 skipped.
[2026-04-07 21:09:15] [INFO] Artemis started.
[2026-04-07 21:09:15] [INFO] Configuration loaded successfully.
[2026-04-07 21:09:15] [INFO] Loaded 2 entries for mode 'utilities'.
[2026-04-07 21:09:15] [INFO] Running mode: utilities
[2026-04-07 21:09:15] [INFO] Executing entry: Downloads Auto Sorter (python)
[2026-04-07 21:09:15] [INFO] Launch success: ['python', 'scripts\\python\\downloads_auto_sorter.py'] | cwd=C:\Users\mariu\Desktop\Artemis-Toolkit
[2026-04-07 21:09:15] [ERROR] Entry 'Unnamed Entry' is missing 'type'.
[2026-04-07 21:09:15] [ERROR] Validation failed for entry: Unnamed Entry
[2026-04-07 21:09:15] [INFO] Run summary for mode 'utilities': 1 success, 1 failed, 0 skipped.
[2026-04-07 21:09:19] [INFO] Artemis started.
[2026-04-07 21:09:19] [INFO] Configuration loaded successfully.
[2026-04-07 21:09:19] [INFO] Loaded 2 entries for mode 'utilities'.
[2026-04-07 21:09:19] [INFO] Running mode: utilities
[2026-04-07 21:09:19] [INFO] Executing entry: Downloads Auto Sorter (python)
[2026-04-07 21:09:19] [INFO] Launch success: ['python', 'scripts\\python\\downloads_auto_sorter.py'] | cwd=C:\Users\mariu\Desktop\Artemis-Toolkit
[2026-04-07 21:09:19] [ERROR] Entry 'Unnamed Entry' is missing 'type'.
[2026-04-07 21:09:19] [ERROR] Validation failed for entry: Unnamed Entry
[2026-04-07 21:09:19] [INFO] Run summary for mode 'utilities': 1 success, 1 failed, 0 skipped.
[2026-04-07 23:44:27] [INFO] Artemis started.
[2026-04-07 23:44:27] [INFO] Configuration loaded successfully.
[2026-04-07 23:44:27] [INFO] Loaded 2 entries for mode 'utilities'.
[2026-04-07 23:44:27] [INFO] Running mode: utilities
[2026-04-07 23:44:27] [INFO] Executing entry: Downloads Auto Sorter (python)
[2026-04-07 23:44:27] [INFO] Launch success: ['python', 'scripts\\python\\downloads_auto_sorter.py'] | cwd=C:\Users\mariu\Desktop\Artemis-Toolkit
[2026-04-07 23:44:27] [ERROR] Entry 'Unnamed Entry' is missing 'type'.
[2026-04-07 23:44:27] [ERROR] Validation failed for entry: Unnamed Entry
[2026-04-07 23:44:27] [INFO] Run summary for mode 'utilities': 1 success, 1 failed, 0 skipped.
[2026-04-25 13:48:58] [INFO] Artemis started.
[2026-04-25 13:48:58] [INFO] Configuration loaded successfully.
[2026-04-25 13:48:58] [INFO] Loaded 1 entries for mode 'utilities'.
[2026-04-25 13:48:58] [INFO] Running mode: utilities
[2026-04-25 13:48:58] [INFO] Executing entry: Downloads Auto Sorter (python)
[2026-04-25 13:48:58] [INFO] Launch success: ['python', 'scripts\\python\\downloads_auto_sorter.py'] | cwd=C:\Users\mariu\Desktop\Artemis-Toolkit
[2026-04-25 13:48:58] [INFO] Run summary for mode 'utilities': 1 success, 0 failed, 0 skipped.
[2026-04-25 13:53:40] [INFO] Artemis started.
[2026-04-25 13:53:40] [INFO] Configuration loaded successfully.
[2026-04-25 13:53:40] [INFO] Loaded 1 entries for mode 'utilities'.
[2026-04-25 13:53:40] [INFO] Running mode: utilities
[2026-04-25 13:53:40] [INFO] Executing entry: Downloads Auto Sorter (python)
[2026-04-25 13:53:40] [INFO] Launch success: ['python', 'scripts\\python\\downloads_auto_sorter.py'] | cwd=C:\Users\mariu\Desktop\Artemis-Toolkit
[2026-04-25 13:53:40] [INFO] Run summary for mode 'utilities': 1 success, 0 failed, 0 skipped.
[2026-04-25 13:54:42] [INFO] Artemis started.
[2026-04-25 13:54:42] [INFO] Configuration loaded successfully.
[2026-04-25 13:54:42] [INFO] Loaded 1 entries for mode 'utilities'.
[2026-04-25 13:54:42] [INFO] Running mode: utilities
[2026-04-25 13:54:42] [INFO] Executing entry: Downloads Auto Sorter (python)
[2026-04-25 13:54:42] [INFO] Launch success: ['python', 'scripts\\python\\downloads_auto_sorter.py'] | cwd=C:\Users\mariu\Desktop\Artemis-Toolkit
[2026-04-25 13:54:42] [INFO] Run summary for mode 'utilities': 1 success, 0 failed, 0 skipped.
[2026-04-25 13:57:07] [INFO] Artemis started.
[2026-04-25 13:57:07] [INFO] Configuration loaded successfully.
[2026-04-25 13:57:07] [INFO] Loaded 1 entries for mode 'utilities'.
[2026-04-25 13:57:07] [INFO] Running mode: utilities
[2026-04-25 13:57:07] [INFO] Executing entry: Downloads Auto Sorter (python)
[2026-04-25 13:57:07] [INFO] Launch success: ['python', 'scripts\\python\\downloads_auto_sorter.py'] | cwd=C:\Users\mariu\Desktop\Artemis-Toolkit
[2026-04-25 13:57:07] [INFO] Run summary for mode 'utilities': 1 success, 0 failed, 0 skipped.
[2026-04-25 14:25:57] [INFO] Artemis started.
[2026-04-25 14:25:57] [INFO] Configuration loaded successfully.
[2026-04-25 14:25:57] [INFO] Loaded 1 entries for mode 'utilities'.
[2026-04-25 14:25:57] [INFO] Running mode: utilities
[2026-04-25 14:25:57] [INFO] Executing entry: Downloads Auto Sorter (python)
[2026-04-25 14:25:57] [INFO] Launch success: ['python', 'scripts\\python\\downloads_auto_sorter.py'] | cwd=C:\Users\mariu\Desktop\Artemis-Toolkit
[2026-04-25 14:25:57] [INFO] Run summary for mode 'utilities': 1 success, 0 failed, 0 skipped.
[2026-04-25 14:26:12] [INFO] Artemis started.
[2026-04-25 14:26:12] [INFO] Configuration loaded successfully.
[2026-04-25 14:26:12] [INFO] Loaded 1 entries for mode 'utilities'.
[2026-04-25 14:26:12] [INFO] Running mode: utilities
[2026-04-25 14:26:12] [INFO] Executing entry: Downloads Auto Sorter (python)
[2026-04-25 14:26:12] [INFO] Launch success: ['python', 'scripts\\python\\downloads_auto_sorter.py'] | cwd=C:\Users\mariu\Desktop\Artemis-Toolkit
[2026-04-25 14:26:12] [INFO] Run summary for mode 'utilities': 1 success, 0 failed, 0 skipped.
[2026-04-25 14:31:22] [INFO] Artemis started.
[2026-04-25 14:31:22] [INFO] Configuration loaded successfully.
[2026-04-25 14:31:22] [INFO] Loaded 1 entries for mode 'utilities'.
[2026-04-25 14:31:22] [INFO] Running mode: utilities
[2026-04-25 14:31:22] [INFO] Executing entry: Downloads Auto Sorter (python)
[2026-04-25 14:31:22] [INFO] Launch success: ['python', 'scripts\\python\\downloads_auto_sorter.py'] | cwd=C:\Users\mariu\Desktop\Artemis-Toolkit
[2026-04-25 14:31:22] [INFO] Run summary for mode 'utilities': 1 success, 0 failed, 0 skipped.
[2026-04-25 14:31:26] [INFO] Artemis started.
[2026-04-25 14:31:26] [INFO] Configuration loaded successfully.
[2026-04-25 14:31:26] [INFO] Loaded 1 entries for mode 'utilities'.
[2026-04-25 14:31:26] [INFO] Running mode: utilities
[2026-04-25 14:31:26] [INFO] Executing entry: Downloads Auto Sorter (python)
[2026-04-25 14:31:26] [INFO] Launch success: ['python', 'scripts\\python\\downloads_auto_sorter.py'] | cwd=C:\Users\mariu\Desktop\Artemis-Toolkit
[2026-04-25 14:31:26] [INFO] Run summary for mode 'utilities': 1 success, 0 failed, 0 skipped.
