[2026-04-07 19:53:03] [INFO] Watching folder: C:\Users\mariu\Downloads
[2026-04-07 19:54:38] [INFO] New file detected: 1663fd05-16aa-4f90-aead-f7427b3d6e97.tmp
[2026-04-07 19:54:38] [INFO] Ignored incomplete or temporary file: 1663fd05-16aa-4f90-aead-f7427b3d6e97.tmp
[2026-04-07 19:56:48] [INFO] Stopping downloads auto sorter.
[2026-04-07 19:56:50] [INFO] Watching folder: C:\Users\mariu\Downloads
[2026-04-07 19:56:52] [INFO] Moved 'AULA_F75_Setup_v2.0_20240509.zip' -> 'C:\Users\mariu\Downloads\Sorted\Arhive\AULA_F75_Setup_v2.0_20240509.zip'
[2026-04-07 19:56:54] [INFO] Moved 'dxwebsetup.exe' -> 'C:\Users\mariu\Downloads\Sorted\Installers\dxwebsetup.exe'
[2026-04-07 19:56:56] [INFO] Moved 'VSCodeUserSetup-x64-1.114.0.exe' -> 'C:\Users\mariu\Downloads\Sorted\Installers\VSCodeUserSetup-x64-1.114.0.exe'
[2026-04-07 19:56:58] [INFO] Moved 'OllamaSetup.exe' -> 'C:\Users\mariu\Downloads\Sorted\Installers\OllamaSetup.exe'
[2026-04-07 19:57:00] [INFO] Moved 'VC_redist.x64.exe' -> 'C:\Users\mariu\Downloads\Sorted\Installers\VC_redist.x64.exe'
[2026-04-07 19:57:02] [INFO] Moved 'desktop.ini' -> 'C:\Users\mariu\Downloads\Sorted\Altele\desktop.ini'
[2026-04-07 19:57:04] [INFO] Moved 'OperaSetup.exe' -> 'C:\Users\mariu\Downloads\Sorted\Installers\OperaSetup.exe'
[2026-04-07 19:57:06] [INFO] Moved 'amd-software-adrenalin-edition-26.3.1-minimalsetup-260317_web.exe' -> 'C:\Users\mariu\Downloads\Sorted\Installers\amd-software-adrenalin-edition-26.3.1-minimalsetup-260317_web.exe'
[2026-04-07 19:57:08] [INFO] Moved 'FanControl_264_net_10_0_Installer.exe' -> 'C:\Users\mariu\Downloads\Sorted\Installers\FanControl_264_net_10_0_Installer.exe'
[2026-04-07 19:57:10] [INFO] Moved 'sukuna-vs-mahoraga.3840x2160.mp4' -> 'C:\Users\mariu\Downloads\Sorted\Video\sukuna-vs-mahoraga.3840x2160.mp4'
[2026-04-07 19:57:12] [INFO] Moved 'windowsdesktop-runtime-10.0.5-win-x64.exe' -> 'C:\Users\mariu\Downloads\Sorted\Installers\windowsdesktop-runtime-10.0.5-win-x64.exe'
[2026-04-07 19:57:14] [INFO] Moved 'ChromeSetup.exe' -> 'C:\Users\mariu\Downloads\Sorted\Installers\ChromeSetup.exe'
[2026-04-07 20:02:29] [INFO] Stopping downloads auto sorter.
[2026-04-07 20:06:47] [INFO] Watching folder: C:\Users\mariu\Downloads
[2026-04-07 20:06:47] [INFO] Process existing on startup: True
[2026-04-07 20:07:15] [INFO] Stopping downloads auto sorter.
[2026-04-07 20:07:59] [INFO] Watching folder: C:\Users\mariu\Downloads
[2026-04-07 20:07:59] [INFO] Process existing on startup: False
[2026-04-07 20:08:13] [INFO] Stopping downloads auto sorter.
[2026-04-07 20:09:44] [INFO] Watching folder: C:\Users\mariu\Downloads
[2026-04-07 20:09:44] [INFO] Process existing on startup: False
[2026-04-07 20:09:56] [INFO] Moved 'download.jpg' -> 'C:\Users\mariu\Downloads\Sorted\Imagini\download.jpg'
[2026-04-07 20:10:08] [INFO] Stopping downloads auto sorter.
[2026-04-07 20:16:18] [INFO] Watching folder: C:\Users\mariu\Downloads
[2026-04-07 20:16:18] [INFO] Process existing on startup: True
[2026-04-07 20:16:20] [INFO] Moved 'download.png' -> 'C:\Users\mariu\Downloads\Sorted\Imagini\download.png'
[2026-04-07 21:13:28] [INFO] Watching folder: C:\Users\mariu\Downloads
[2026-04-07 21:13:28] [INFO] Process existing on startup: True
[2026-04-07 21:13:44] [INFO] Ignored file (pattern): 8be3b9e6-b161-4923-98a3-2eb69a5799a8.tmp
[2026-04-07 21:13:48] [INFO] File too new (waiting): download.jpg
[2026-04-07 21:13:50] [INFO] File too new (waiting): download.jpg
[2026-04-07 21:13:50] [INFO] Moved 'download.jpg' -> 'C:\Users\mariu\Downloads\Sorted\Imagini\download_1.jpg'
[2026-04-07 21:42:38] [INFO] Stopping downloads auto sorter.
[2026-04-07 21:51:54] [INFO] Watching folder: C:\Users\mariu\Downloads
[2026-04-07 21:51:54] [INFO] Process existing on startup: True
[2026-04-07 22:09:54] [INFO] Watching folder: C:\Users\mariu\Downloads
[2026-04-07 22:09:54] [INFO] Process existing on startup: True
[2026-04-07 22:16:02] [INFO] Watching folder: C:\Users\mariu\Downloads
[2026-04-07 22:16:02] [INFO] Process existing on startup: True
[2026-04-07 22:16:02] [INFO] Zip archive detected: msvcr100.zip
[2026-04-07 22:16:05] [INFO] Extracted 'msvcr100.zip' -> 'C:\Users\mariu\Downloads\msvcr100'
[2026-04-07 22:16:05] [INFO] Archive kept in Downloads: msvcr100.zip
[2026-04-07 22:20:31] [INFO] Stopping downloads auto sorter.
[2026-04-07 22:21:56] [INFO] Watching folder: C:\Users\mariu\Downloads
[2026-04-07 22:21:56] [INFO] Process existing on startup: True
[2026-04-07 22:21:56] [INFO] Zip archive detected: msvcr100.zip
[2026-04-07 22:21:59] [INFO] Extracted 'msvcr100.zip' -> 'C:\Users\mariu\Downloads\msvcr100_1'
[2026-04-07 22:21:59] [INFO] Moved archive 'msvcr100.zip' -> 'C:\Users\mariu\Downloads\Sorted\Arhive\msvcr100.zip'
[2026-04-07 22:21:59] [INFO] Archive extracted and moved out of Downloads: msvcr100.zip
[2026-04-07 22:26:00] [INFO] Stopping downloads auto sorter.
[2026-04-07 23:14:26] [INFO] Watching folder: C:\Users\mariu\Downloads
[2026-04-07 23:14:26] [INFO] Process existing on startup: True
[2026-04-07 23:14:46] [INFO] Zip archive detected: msvcr100.zip
[2026-04-07 23:14:52] [INFO] Extracted 'msvcr100.zip' -> 'C:\Users\mariu\Downloads\msvcr100'
[2026-04-07 23:14:52] [INFO] Moved archive 'msvcr100.zip' -> 'C:\Users\mariu\Downloads\Sorted\Arhive\msvcr100_1.zip'
[2026-04-07 23:14:52] [INFO] Archive extracted and moved out of Downloads: msvcr100.zip
[2026-04-07 23:15:34] [INFO] Zip archive detected: AULA_F75_Setup_v2.0_20240509.zip
[2026-04-07 23:15:36] [INFO] User skipped extraction for: AULA_F75_Setup_v2.0_20240509.zip
[2026-04-07 23:19:12] [INFO] Stopping downloads auto sorter.
[2026-04-07 23:47:04] [INFO] Watching folder: C:\Users\mariu\Downloads
[2026-04-07 23:47:04] [INFO] Process existing on startup: True
[2026-04-07 23:47:58] [INFO] Ignored file (pattern): ba69e2b5-ad41-4dee-852c-683fdb475cfe.tmp
[2026-04-07 23:48:02] [INFO] File too new (waiting): buchet-cu-lisianthu-si-trandafiri-Clotilde.jpeg
[2026-04-07 23:48:04] [INFO] File too new (waiting): buchet-cu-lisianthu-si-trandafiri-Clotilde.jpeg
[2026-04-07 23:48:08] [INFO] Moved 'buchet-cu-lisianthu-si-trandafiri-Clotilde.jpeg' -> 'C:\Users\mariu\Downloads\Sorted\Imagini\buchet-cu-lisianthu-si-trandafiri-Clotilde.jpeg'
[2026-04-07 23:49:02] [INFO] Zip archive detected: msvcp140.zip
[2026-04-07 23:49:33] [INFO] Extracted 'msvcp140.zip' -> 'C:\Users\mariu\Downloads\msvcp140'
[2026-04-07 23:49:33] [INFO] Moved archive 'msvcp140.zip' -> 'C:\Users\mariu\Downloads\Sorted\Arhive\msvcp140.zip'
[2026-04-07 23:49:33] [INFO] Archive extracted and moved out of Downloads: msvcp140.zip
[2026-04-25 13:48:58] [INFO] Watching folder: C:\Users\mariu\Downloads
[2026-04-25 13:48:58] [INFO] Process existing on startup: True
[2026-04-25 13:49:00] [INFO] Moved 'MemTest64.exe' -> 'C:\Users\mariu\Downloads\Sorted\Installers\MemTest64.exe'
[2026-04-25 13:49:02] [INFO] Moved '7z2600-x64.exe' -> 'C:\Users\mariu\Downloads\Sorted\Installers\7z2600-x64.exe'
[2026-04-25 13:49:04] [INFO] Moved '17106774458896.jpg' -> 'C:\Users\mariu\Downloads\Sorted\Imagini\17106774458896.jpg'
[2026-04-25 13:49:06] [INFO] Moved 'Resident.Evil.Requiem-voices38.torrent' -> 'C:\Users\mariu\Downloads\Sorted\Torrents\Resident.Evil.Requiem-voices38.torrent'
[2026-04-25 13:49:08] [INFO] Moved 'WinCDEmu-4.1.exe' -> 'C:\Users\mariu\Downloads\Sorted\Installers\WinCDEmu-4.1.exe'
[2026-04-25 13:49:10] [INFO] Moved 'Red.Dead.Redemption.2.Ultimate.Edition-Razor1911.torrent' -> 'C:\Users\mariu\Downloads\Sorted\Torrents\Red.Dead.Redemption.2.Ultimate.Edition-Razor1911.torrent'
[2026-04-25 13:49:12] [INFO] Moved 'SetupPS.exe' -> 'C:\Users\mariu\Downloads\Sorted\Installers\SetupPS.exe'
[2026-04-25 13:49:14] [INFO] Moved 'Everything-1.4.1.1032.x64-Setup.exe' -> 'C:\Users\mariu\Downloads\Sorted\Installers\Everything-1.4.1.1032.x64-Setup.exe'
[2026-04-25 13:49:16] [INFO] Moved 'en_US-amy-medium.onnx.json' -> 'C:\Users\mariu\Downloads\Sorted\Altele\en_US-amy-medium.onnx.json'
[2026-04-25 13:49:18] [INFO] Moved 'Lossless.Scaling.v2.8.1.torrent' -> 'C:\Users\mariu\Downloads\Sorted\Torrents\Lossless.Scaling.v2.8.1.torrent'
[2026-04-25 13:49:18] [INFO] Archive detected (non-zip, skipped for now): Red Dead Redemption 2 Intro Completed Save-8-1-1572967435.rar
[2026-04-25 13:49:20] [INFO] Moved 'en_US-amy-medium.onnx' -> 'C:\Users\mariu\Downloads\Sorted\Altele\en_US-amy-medium.onnx'
[2026-04-25 13:49:22] [INFO] Moved 'LM-Studio-0.4.9-1-x64.exe' -> 'C:\Users\mariu\Downloads\Sorted\Installers\LM-Studio-0.4.9-1-x64.exe'
[2026-04-25 13:49:22] [INFO] Zip archive detected: piper-2023.11.14-2.zip
[2026-04-25 13:49:27] [INFO] User skipped extraction for: piper-2023.11.14-2.zip
[2026-04-25 13:49:29] [INFO] Moved 'Everything-1.4.1.1032.x86-Setup.exe' -> 'C:\Users\mariu\Downloads\Sorted\Installers\Everything-1.4.1.1032.x86-Setup.exe'
[2026-04-25 13:49:29] [INFO] Zip archive detected: AULA_F75_Setup_v2.0_20240509.zip
[2026-04-25 13:49:31] [INFO] User skipped extraction for: AULA_F75_Setup_v2.0_20240509.zip
[2026-04-25 13:49:33] [INFO] Moved 'utorrent_installer.exe' -> 'C:\Users\mariu\Downloads\Sorted\Installers\utorrent_installer.exe'
[2026-04-25 13:49:33] [INFO] Zip archive detected: piper_windows_amd64.zip
[2026-04-25 13:49:34] [INFO] User skipped extraction for: piper_windows_amd64.zip
[2026-04-25 13:49:36] [INFO] Archive detected (non-zip, skipped for now): Red Dead Redemption 2 Intro Completed Save-8-1-1572967435.rar
[2026-04-25 13:49:38] [INFO] Archive detected (non-zip, skipped for now): Red Dead Redemption 2 Intro Completed Save-8-1-1572967435.rar
[2026-04-25 13:49:40] [INFO] Archive detected (non-zip, skipped for now): Red Dead Redemption 2 Intro Completed Save-8-1-1572967435.rar
[2026-04-25 13:49:42] [INFO] Archive detected (non-zip, skipped for now): Red Dead Redemption 2 Intro Completed Save-8-1-1572967435.rar
[2026-04-25 13:49:44] [INFO] Archive detected (non-zip, skipped for now): Red Dead Redemption 2 Intro Completed Save-8-1-1572967435.rar
[2026-04-25 13:49:46] [INFO] Archive detected (non-zip, skipped for now): Red Dead Redemption 2 Intro Completed Save-8-1-1572967435.rar
[2026-04-25 13:49:48] [INFO] Archive detected (non-zip, skipped for now): Red Dead Redemption 2 Intro Completed Save-8-1-1572967435.rar
[2026-04-25 13:49:50] [INFO] Archive detected (non-zip, skipped for now): Red Dead Redemption 2 Intro Completed Save-8-1-1572967435.rar
[2026-04-25 13:49:52] [INFO] Archive detected (non-zip, skipped for now): Red Dead Redemption 2 Intro Completed Save-8-1-1572967435.rar
[2026-04-25 13:49:54] [INFO] Archive detected (non-zip, skipped for now): Red Dead Redemption 2 Intro Completed Save-8-1-1572967435.rar
[2026-04-25 13:49:56] [INFO] Archive detected (non-zip, skipped for now): Red Dead Redemption 2 Intro Completed Save-8-1-1572967435.rar
[2026-04-25 13:49:58] [INFO] Archive detected (non-zip, skipped for now): Red Dead Redemption 2 Intro Completed Save-8-1-1572967435.rar
[2026-04-25 13:50:00] [INFO] Archive detected (non-zip, skipped for now): Red Dead Redemption 2 Intro Completed Save-8-1-1572967435.rar
[2026-04-25 13:50:02] [INFO] Archive detected (non-zip, skipped for now): Red Dead Redemption 2 Intro Completed Save-8-1-1572967435.rar
[2026-04-25 13:50:04] [INFO] Archive detected (non-zip, skipped for now): Red Dead Redemption 2 Intro Completed Save-8-1-1572967435.rar
[2026-04-25 13:50:06] [INFO] Archive detected (non-zip, skipped for now): Red Dead Redemption 2 Intro Completed Save-8-1-1572967435.rar
[2026-04-25 13:50:08] [INFO] Archive detected (non-zip, skipped for now): Red Dead Redemption 2 Intro Completed Save-8-1-1572967435.rar
[2026-04-25 13:50:10] [INFO] Archive detected (non-zip, skipped for now): Red Dead Redemption 2 Intro Completed Save-8-1-1572967435.rar
[2026-04-25 13:50:12] [INFO] Archive detected (non-zip, skipped for now): Red Dead Redemption 2 Intro Completed Save-8-1-1572967435.rar
[2026-04-25 13:50:14] [INFO] Archive detected (non-zip, skipped for now): Red Dead Redemption 2 Intro Completed Save-8-1-1572967435.rar
[2026-04-25 13:50:16] [INFO] Archive detected (non-zip, skipped for now): Red Dead Redemption 2 Intro Completed Save-8-1-1572967435.rar
[2026-04-25 13:50:18] [INFO] Archive detected (non-zip, skipped for now): Red Dead Redemption 2 Intro Completed Save-8-1-1572967435.rar
[2026-04-25 13:50:20] [INFO] Archive detected (non-zip, skipped for now): Red Dead Redemption 2 Intro Completed Save-8-1-1572967435.rar
[2026-04-25 13:50:22] [INFO] Archive detected (non-zip, skipped for now): Red Dead Redemption 2 Intro Completed Save-8-1-1572967435.rar
[2026-04-25 13:50:24] [INFO] Archive detected (non-zip, skipped for now): Red Dead Redemption 2 Intro Completed Save-8-1-1572967435.rar
[2026-04-25 13:50:26] [INFO] Archive detected (non-zip, skipped for now): Red Dead Redemption 2 Intro Completed Save-8-1-1572967435.rar
[2026-04-25 13:50:28] [INFO] Archive detected (non-zip, skipped for now): Red Dead Redemption 2 Intro Completed Save-8-1-1572967435.rar
[2026-04-25 13:50:30] [INFO] Archive detected (non-zip, skipped for now): Red Dead Redemption 2 Intro Completed Save-8-1-1572967435.rar
[2026-04-25 13:50:32] [INFO] Archive detected (non-zip, skipped for now): Red Dead Redemption 2 Intro Completed Save-8-1-1572967435.rar
[2026-04-25 13:50:34] [INFO] Archive detected (non-zip, skipped for now): Red Dead Redemption 2 Intro Completed Save-8-1-1572967435.rar
[2026-04-25 13:50:36] [INFO] Archive detected (non-zip, skipped for now): Red Dead Redemption 2 Intro Completed Save-8-1-1572967435.rar
[2026-04-25 13:50:38] [INFO] Archive detected (non-zip, skipped for now): Red Dead Redemption 2 Intro Completed Save-8-1-1572967435.rar
[2026-04-25 13:50:40] [INFO] Archive detected (non-zip, skipped for now): Red Dead Redemption 2 Intro Completed Save-8-1-1572967435.rar
[2026-04-25 13:50:42] [INFO] Archive detected (non-zip, skipped for now): Red Dead Redemption 2 Intro Completed Save-8-1-1572967435.rar
[2026-04-25 13:50:44] [INFO] Archive detected (non-zip, skipped for now): Red Dead Redemption 2 Intro Completed Save-8-1-1572967435.rar
[2026-04-25 13:50:46] [INFO] Archive detected (non-zip, skipped for now): Red Dead Redemption 2 Intro Completed Save-8-1-1572967435.rar
[2026-04-25 13:50:48] [INFO] Archive detected (non-zip, skipped for now): Red Dead Redemption 2 Intro Completed Save-8-1-1572967435.rar
[2026-04-25 13:50:50] [INFO] Archive detected (non-zip, skipped for now): Red Dead Redemption 2 Intro Completed Save-8-1-1572967435.rar
[2026-04-25 13:50:52] [INFO] Archive detected (non-zip, skipped for now): Red Dead Redemption 2 Intro Completed Save-8-1-1572967435.rar
[2026-04-25 13:50:54] [INFO] Archive detected (non-zip, skipped for now): Red Dead Redemption 2 Intro Completed Save-8-1-1572967435.rar
[2026-04-25 13:50:56] [INFO] Archive detected (non-zip, skipped for now): Red Dead Redemption 2 Intro Completed Save-8-1-1572967435.rar
[2026-04-25 13:50:58] [INFO] Archive detected (non-zip, skipped for now): Red Dead Redemption 2 Intro Completed Save-8-1-1572967435.rar
[2026-04-25 13:51:00] [INFO] Archive detected (non-zip, skipped for now): Red Dead Redemption 2 Intro Completed Save-8-1-1572967435.rar
[2026-04-25 13:51:02] [INFO] Archive detected (non-zip, skipped for now): Red Dead Redemption 2 Intro Completed Save-8-1-1572967435.rar
[2026-04-25 13:51:04] [INFO] Archive detected (non-zip, skipped for now): Red Dead Redemption 2 Intro Completed Save-8-1-1572967435.rar
[2026-04-25 13:51:06] [INFO] Archive detected (non-zip, skipped for now): Red Dead Redemption 2 Intro Completed Save-8-1-1572967435.rar
[2026-04-25 13:51:08] [INFO] Archive detected (non-zip, skipped for now): Red Dead Redemption 2 Intro Completed Save-8-1-1572967435.rar
[2026-04-25 13:51:10] [INFO] Archive detected (non-zip, skipped for now): Red Dead Redemption 2 Intro Completed Save-8-1-1572967435.rar
[2026-04-25 13:51:12] [INFO] Archive detected (non-zip, skipped for now): Red Dead Redemption 2 Intro Completed Save-8-1-1572967435.rar
[2026-04-25 13:51:14] [INFO] Archive detected (non-zip, skipped for now): Red Dead Redemption 2 Intro Completed Save-8-1-1572967435.rar
[2026-04-25 13:51:16] [INFO] Archive detected (non-zip, skipped for now): Red Dead Redemption 2 Intro Completed Save-8-1-1572967435.rar
[2026-04-25 13:51:18] [INFO] Archive detected (non-zip, skipped for now): Red Dead Redemption 2 Intro Completed Save-8-1-1572967435.rar
[2026-04-25 13:51:20] [INFO] Archive detected (non-zip, skipped for now): Red Dead Redemption 2 Intro Completed Save-8-1-1572967435.rar
[2026-04-25 13:51:22] [INFO] Archive detected (non-zip, skipped for now): Red Dead Redemption 2 Intro Completed Save-8-1-1572967435.rar
[2026-04-25 13:51:24] [INFO] Archive detected (non-zip, skipped for now): Red Dead Redemption 2 Intro Completed Save-8-1-1572967435.rar
[2026-04-25 13:51:26] [INFO] Archive detected (non-zip, skipped for now): Red Dead Redemption 2 Intro Completed Save-8-1-1572967435.rar
[2026-04-25 13:51:28] [INFO] Archive detected (non-zip, skipped for now): Red Dead Redemption 2 Intro Completed Save-8-1-1572967435.rar
[2026-04-25 13:51:30] [INFO] Archive detected (non-zip, skipped for now): Red Dead Redemption 2 Intro Completed Save-8-1-1572967435.rar
[2026-04-25 13:51:32] [INFO] Archive detected (non-zip, skipped for now): Red Dead Redemption 2 Intro Completed Save-8-1-1572967435.rar
[2026-04-25 13:51:34] [INFO] Archive detected (non-zip, skipped for now): Red Dead Redemption 2 Intro Completed Save-8-1-1572967435.rar
[2026-04-25 13:51:36] [INFO] Archive detected (non-zip, skipped for now): Red Dead Redemption 2 Intro Completed Save-8-1-1572967435.rar
[2026-04-25 13:51:38] [INFO] Archive detected (non-zip, skipped for now): Red Dead Redemption 2 Intro Completed Save-8-1-1572967435.rar
[2026-04-25 13:51:40] [INFO] Archive detected (non-zip, skipped for now): Red Dead Redemption 2 Intro Completed Save-8-1-1572967435.rar
[2026-04-25 13:51:42] [INFO] Archive detected (non-zip, skipped for now): Red Dead Redemption 2 Intro Completed Save-8-1-1572967435.rar
[2026-04-25 13:51:45] [INFO] Archive detected (non-zip, skipped for now): Red Dead Redemption 2 Intro Completed Save-8-1-1572967435.rar
[2026-04-25 13:51:47] [INFO] Archive detected (non-zip, skipped for now): Red Dead Redemption 2 Intro Completed Save-8-1-1572967435.rar
[2026-04-25 13:51:49] [INFO] Archive detected (non-zip, skipped for now): Red Dead Redemption 2 Intro Completed Save-8-1-1572967435.rar
[2026-04-25 13:51:51] [INFO] Archive detected (non-zip, skipped for now): Red Dead Redemption 2 Intro Completed Save-8-1-1572967435.rar
[2026-04-25 13:51:53] [INFO] Archive detected (non-zip, skipped for now): Red Dead Redemption 2 Intro Completed Save-8-1-1572967435.rar
[2026-04-25 13:51:55] [INFO] Archive detected (non-zip, skipped for now): Red Dead Redemption 2 Intro Completed Save-8-1-1572967435.rar
[2026-04-25 13:51:57] [INFO] Archive detected (non-zip, skipped for now): Red Dead Redemption 2 Intro Completed Save-8-1-1572967435.rar
[2026-04-25 13:51:59] [INFO] Archive detected (non-zip, skipped for now): Red Dead Redemption 2 Intro Completed Save-8-1-1572967435.rar
[2026-04-25 13:52:01] [INFO] Archive detected (non-zip, skipped for now): Red Dead Redemption 2 Intro Completed Save-8-1-1572967435.rar
[2026-04-25 13:52:03] [INFO] Archive detected (non-zip, skipped for now): Red Dead Redemption 2 Intro Completed Save-8-1-1572967435.rar
[2026-04-25 13:52:05] [INFO] Archive detected (non-zip, skipped for now): Red Dead Redemption 2 Intro Completed Save-8-1-1572967435.rar
[2026-04-25 13:52:07] [INFO] Archive detected (non-zip, skipped for now): Red Dead Redemption 2 Intro Completed Save-8-1-1572967435.rar
[2026-04-25 13:52:09] [INFO] Archive detected (non-zip, skipped for now): Red Dead Redemption 2 Intro Completed Save-8-1-1572967435.rar
[2026-04-25 13:52:11] [INFO] Archive detected (non-zip, skipped for now): Red Dead Redemption 2 Intro Completed Save-8-1-1572967435.rar
[2026-04-25 13:52:13] [INFO] Archive detected (non-zip, skipped for now): Red Dead Redemption 2 Intro Completed Save-8-1-1572967435.rar
[2026-04-25 13:52:15] [INFO] Archive detected (non-zip, skipped for now): Red Dead Redemption 2 Intro Completed Save-8-1-1572967435.rar
[2026-04-25 13:52:17] [INFO] Archive detected (non-zip, skipped for now): Red Dead Redemption 2 Intro Completed Save-8-1-1572967435.rar
[2026-04-25 13:52:19] [INFO] Archive detected (non-zip, skipped for now): Red Dead Redemption 2 Intro Completed Save-8-1-1572967435.rar
[2026-04-25 13:52:21] [INFO] Archive detected (non-zip, skipped for now): Red Dead Redemption 2 Intro Completed Save-8-1-1572967435.rar
[2026-04-25 13:52:23] [INFO] Archive detected (non-zip, skipped for now): Red Dead Redemption 2 Intro Completed Save-8-1-1572967435.rar
[2026-04-25 13:52:25] [INFO] Archive detected (non-zip, skipped for now): Red Dead Redemption 2 Intro Completed Save-8-1-1572967435.rar
[2026-04-25 13:52:27] [INFO] Archive detected (non-zip, skipped for now): Red Dead Redemption 2 Intro Completed Save-8-1-1572967435.rar
[2026-04-25 13:52:29] [INFO] Archive detected (non-zip, skipped for now): Red Dead Redemption 2 Intro Completed Save-8-1-1572967435.rar
[2026-04-25 13:52:31] [INFO] Archive detected (non-zip, skipped for now): Red Dead Redemption 2 Intro Completed Save-8-1-1572967435.rar
[2026-04-25 13:52:33] [INFO] Archive detected (non-zip, skipped for now): Red Dead Redemption 2 Intro Completed Save-8-1-1572967435.rar
[2026-04-25 13:52:35] [INFO] Archive detected (non-zip, skipped for now): Red Dead Redemption 2 Intro Completed Save-8-1-1572967435.rar
[2026-04-25 13:52:37] [INFO] Archive detected (non-zip, skipped for now): Red Dead Redemption 2 Intro Completed Save-8-1-1572967435.rar
[2026-04-25 13:52:39] [INFO] Archive detected (non-zip, skipped for now): Red Dead Redemption 2 Intro Completed Save-8-1-1572967435.rar
[2026-04-25 13:52:41] [INFO] Archive detected (non-zip, skipped for now): Red Dead Redemption 2 Intro Completed Save-8-1-1572967435.rar
[2026-04-25 13:52:43] [INFO] Archive detected (non-zip, skipped for now): Red Dead Redemption 2 Intro Completed Save-8-1-1572967435.rar
[2026-04-25 13:52:45] [INFO] Archive detected (non-zip, skipped for now): Red Dead Redemption 2 Intro Completed Save-8-1-1572967435.rar
[2026-04-25 13:52:47] [INFO] Archive detected (non-zip, skipped for now): Red Dead Redemption 2 Intro Completed Save-8-1-1572967435.rar
[2026-04-25 13:52:49] [INFO] Archive detected (non-zip, skipped for now): Red Dead Redemption 2 Intro Completed Save-8-1-1572967435.rar
[2026-04-25 13:52:51] [INFO] Archive detected (non-zip, skipped for now): Red Dead Redemption 2 Intro Completed Save-8-1-1572967435.rar
[2026-04-25 13:52:53] [INFO] Archive detected (non-zip, skipped for now): Red Dead Redemption 2 Intro Completed Save-8-1-1572967435.rar
[2026-04-25 13:52:55] [INFO] Archive detected (non-zip, skipped for now): Red Dead Redemption 2 Intro Completed Save-8-1-1572967435.rar
[2026-04-25 13:52:57] [INFO] Archive detected (non-zip, skipped for now): Red Dead Redemption 2 Intro Completed Save-8-1-1572967435.rar
[2026-04-25 13:52:59] [INFO] Archive detected (non-zip, skipped for now): Red Dead Redemption 2 Intro Completed Save-8-1-1572967435.rar
[2026-04-25 13:53:01] [INFO] Archive detected (non-zip, skipped for now): Red Dead Redemption 2 Intro Completed Save-8-1-1572967435.rar
[2026-04-25 13:53:03] [INFO] Archive detected (non-zip, skipped for now): Red Dead Redemption 2 Intro Completed Save-8-1-1572967435.rar
[2026-04-25 13:53:05] [INFO] Archive detected (non-zip, skipped for now): Red Dead Redemption 2 Intro Completed Save-8-1-1572967435.rar
[2026-04-25 13:53:07] [INFO] Archive detected (non-zip, skipped for now): Red Dead Redemption 2 Intro Completed Save-8-1-1572967435.rar
[2026-04-25 13:53:09] [INFO] Archive detected (non-zip, skipped for now): Red Dead Redemption 2 Intro Completed Save-8-1-1572967435.rar
[2026-04-25 13:53:11] [INFO] Archive detected (non-zip, skipped for now): Red Dead Redemption 2 Intro Completed Save-8-1-1572967435.rar
[2026-04-25 13:53:13] [INFO] Archive detected (non-zip, skipped for now): Red Dead Redemption 2 Intro Completed Save-8-1-1572967435.rar
[2026-04-25 13:53:15] [INFO] Archive detected (non-zip, skipped for now): Red Dead Redemption 2 Intro Completed Save-8-1-1572967435.rar
[2026-04-25 13:53:17] [INFO] Archive detected (non-zip, skipped for now): Red Dead Redemption 2 Intro Completed Save-8-1-1572967435.rar
[2026-04-25 13:53:19] [INFO] Archive detected (non-zip, skipped for now): Red Dead Redemption 2 Intro Completed Save-8-1-1572967435.rar
[2026-04-25 13:53:21] [INFO] Archive detected (non-zip, skipped for now): Red Dead Redemption 2 Intro Completed Save-8-1-1572967435.rar
[2026-04-25 13:53:23] [INFO] Archive detected (non-zip, skipped for now): Red Dead Redemption 2 Intro Completed Save-8-1-1572967435.rar
[2026-04-25 13:53:25] [INFO] Archive detected (non-zip, skipped for now): Red Dead Redemption 2 Intro Completed Save-8-1-1572967435.rar
[2026-04-25 13:53:27] [INFO] Archive detected (non-zip, skipped for now): Red Dead Redemption 2 Intro Completed Save-8-1-1572967435.rar
[2026-04-25 13:53:29] [INFO] Archive detected (non-zip, skipped for now): Red Dead Redemption 2 Intro Completed Save-8-1-1572967435.rar
[2026-04-25 13:53:31] [INFO] Archive detected (non-zip, skipped for now): Red Dead Redemption 2 Intro Completed Save-8-1-1572967435.rar
[2026-04-25 13:53:33] [INFO] Archive detected (non-zip, skipped for now): Red Dead Redemption 2 Intro Completed Save-8-1-1572967435.rar
[2026-04-25 13:53:35] [INFO] Archive detected (non-zip, skipped for now): Red Dead Redemption 2 Intro Completed Save-8-1-1572967435.rar
[2026-04-25 13:53:37] [INFO] Archive detected (non-zip, skipped for now): Red Dead Redemption 2 Intro Completed Save-8-1-1572967435.rar
[2026-04-25 13:53:39] [INFO] Archive detected (non-zip, skipped for now): Red Dead Redemption 2 Intro Completed Save-8-1-1572967435.rar
[2026-04-25 13:53:40] [INFO] Watching folder: C:\Users\mariu\Downloads
[2026-04-25 13:53:40] [INFO] Process existing on startup: True
[2026-04-25 13:53:40] [INFO] Archive detected (non-zip, skipped for now): Red Dead Redemption 2 Intro Completed Save-8-1-1572967435.rar
[2026-04-25 13:53:41] [INFO] Archive detected (non-zip, skipped for now): Red Dead Redemption 2 Intro Completed Save-8-1-1572967435.rar
[2026-04-25 13:53:43] [INFO] Archive detected (non-zip, skipped for now): Red Dead Redemption 2 Intro Completed Save-8-1-1572967435.rar
[2026-04-25 13:53:45] [INFO] Archive detected (non-zip, skipped for now): Red Dead Redemption 2 Intro Completed Save-8-1-1572967435.rar
[2026-04-25 13:53:47] [INFO] Archive detected (non-zip, skipped for now): Red Dead Redemption 2 Intro Completed Save-8-1-1572967435.rar
[2026-04-25 13:53:49] [INFO] Archive detected (non-zip, skipped for now): Red Dead Redemption 2 Intro Completed Save-8-1-1572967435.rar
[2026-04-25 13:53:51] [INFO] Archive detected (non-zip, skipped for now): Red Dead Redemption 2 Intro Completed Save-8-1-1572967435.rar
[2026-04-25 13:53:53] [INFO] Archive detected (non-zip, skipped for now): Red Dead Redemption 2 Intro Completed Save-8-1-1572967435.rar
[2026-04-25 13:53:55] [INFO] Archive detected (non-zip, skipped for now): Red Dead Redemption 2 Intro Completed Save-8-1-1572967435.rar
[2026-04-25 13:53:57] [INFO] Archive detected (non-zip, skipped for now): Red Dead Redemption 2 Intro Completed Save-8-1-1572967435.rar
[2026-04-25 13:53:59] [INFO] Archive detected (non-zip, skipped for now): Red Dead Redemption 2 Intro Completed Save-8-1-1572967435.rar
[2026-04-25 13:54:01] [INFO] Archive detected (non-zip, skipped for now): Red Dead Redemption 2 Intro Completed Save-8-1-1572967435.rar
[2026-04-25 13:54:03] [INFO] Archive detected (non-zip, skipped for now): Red Dead Redemption 2 Intro Completed Save-8-1-1572967435.rar
[2026-04-25 13:54:05] [INFO] Archive detected (non-zip, skipped for now): Red Dead Redemption 2 Intro Completed Save-8-1-1572967435.rar
[2026-04-25 13:54:07] [INFO] Archive detected (non-zip, skipped for now): Red Dead Redemption 2 Intro Completed Save-8-1-1572967435.rar
[2026-04-25 13:54:09] [INFO] Archive detected (non-zip, skipped for now): Red Dead Redemption 2 Intro Completed Save-8-1-1572967435.rar
[2026-04-25 13:54:11] [INFO] Archive detected (non-zip, skipped for now): Red Dead Redemption 2 Intro Completed Save-8-1-1572967435.rar
[2026-04-25 13:54:13] [INFO] Archive detected (non-zip, skipped for now): Red Dead Redemption 2 Intro Completed Save-8-1-1572967435.rar
[2026-04-25 13:54:15] [INFO] Archive detected (non-zip, skipped for now): Red Dead Redemption 2 Intro Completed Save-8-1-1572967435.rar
[2026-04-25 13:54:17] [INFO] Archive detected (non-zip, skipped for now): Red Dead Redemption 2 Intro Completed Save-8-1-1572967435.rar
[2026-04-25 13:54:19] [INFO] Archive detected (non-zip, skipped for now): Red Dead Redemption 2 Intro Completed Save-8-1-1572967435.rar
[2026-04-25 13:54:21] [INFO] Archive detected (non-zip, skipped for now): Red Dead Redemption 2 Intro Completed Save-8-1-1572967435.rar
[2026-04-25 13:54:23] [INFO] Archive detected (non-zip, skipped for now): Red Dead Redemption 2 Intro Completed Save-8-1-1572967435.rar
[2026-04-25 13:54:25] [INFO] Archive detected (non-zip, skipped for now): Red Dead Redemption 2 Intro Completed Save-8-1-1572967435.rar
[2026-04-25 13:54:27] [INFO] Archive detected (non-zip, skipped for now): Red Dead Redemption 2 Intro Completed Save-8-1-1572967435.rar
[2026-04-25 13:54:29] [INFO] Archive detected (non-zip, skipped for now): Red Dead Redemption 2 Intro Completed Save-8-1-1572967435.rar
[2026-04-25 13:54:31] [INFO] Archive detected (non-zip, skipped for now): Red Dead Redemption 2 Intro Completed Save-8-1-1572967435.rar
[2026-04-25 13:54:33] [INFO] Archive detected (non-zip, skipped for now): Red Dead Redemption 2 Intro Completed Save-8-1-1572967435.rar
[2026-04-25 13:54:35] [INFO] Archive detected (non-zip, skipped for now): Red Dead Redemption 2 Intro Completed Save-8-1-1572967435.rar
[2026-04-25 13:54:37] [INFO] Archive detected (non-zip, skipped for now): Red Dead Redemption 2 Intro Completed Save-8-1-1572967435.rar
[2026-04-25 13:54:39] [INFO] Archive detected (non-zip, skipped for now): Red Dead Redemption 2 Intro Completed Save-8-1-1572967435.rar
[2026-04-25 13:54:41] [INFO] Archive detected (non-zip, skipped for now): Red Dead Redemption 2 Intro Completed Save-8-1-1572967435.rar
[2026-04-25 13:54:42] [INFO] Watching folder: C:\Users\mariu\Downloads
[2026-04-25 13:54:42] [INFO] Process existing on startup: True
[2026-04-25 13:54:42] [INFO] Archive detected (non-zip, skipped for now): Red Dead Redemption 2 Intro Completed Save-8-1-1572967435.rar
[2026-04-25 13:54:43] [INFO] Archive detected (non-zip, skipped for now): Red Dead Redemption 2 Intro Completed Save-8-1-1572967435.rar
[2026-04-25 13:54:45] [INFO] Archive detected (non-zip, skipped for now): Red Dead Redemption 2 Intro Completed Save-8-1-1572967435.rar
[2026-04-25 13:54:47] [INFO] Archive detected (non-zip, skipped for now): Red Dead Redemption 2 Intro Completed Save-8-1-1572967435.rar
[2026-04-25 13:54:49] [INFO] Archive detected (non-zip, skipped for now): Red Dead Redemption 2 Intro Completed Save-8-1-1572967435.rar
[2026-04-25 13:54:51] [INFO] Archive detected (non-zip, skipped for now): Red Dead Redemption 2 Intro Completed Save-8-1-1572967435.rar
[2026-04-25 13:54:53] [INFO] Archive detected (non-zip, skipped for now): Red Dead Redemption 2 Intro Completed Save-8-1-1572967435.rar
[2026-04-25 13:54:55] [INFO] Archive detected (non-zip, skipped for now): Red Dead Redemption 2 Intro Completed Save-8-1-1572967435.rar
[2026-04-25 13:54:57] [INFO] Archive detected (non-zip, skipped for now): Red Dead Redemption 2 Intro Completed Save-8-1-1572967435.rar
[2026-04-25 13:54:59] [INFO] Archive detected (non-zip, skipped for now): Red Dead Redemption 2 Intro Completed Save-8-1-1572967435.rar
[2026-04-25 13:55:01] [INFO] Archive detected (non-zip, skipped for now): Red Dead Redemption 2 Intro Completed Save-8-1-1572967435.rar
[2026-04-25 13:55:03] [INFO] Archive detected (non-zip, skipped for now): Red Dead Redemption 2 Intro Completed Save-8-1-1572967435.rar
[2026-04-25 13:55:05] [INFO] Archive detected (non-zip, skipped for now): Red Dead Redemption 2 Intro Completed Save-8-1-1572967435.rar
[2026-04-25 13:55:07] [INFO] Archive detected (non-zip, skipped for now): Red Dead Redemption 2 Intro Completed Save-8-1-1572967435.rar
[2026-04-25 13:55:09] [INFO] Archive detected (non-zip, skipped for now): Red Dead Redemption 2 Intro Completed Save-8-1-1572967435.rar
[2026-04-25 13:55:11] [INFO] Archive detected (non-zip, skipped for now): Red Dead Redemption 2 Intro Completed Save-8-1-1572967435.rar
[2026-04-25 13:55:13] [INFO] Archive detected (non-zip, skipped for now): Red Dead Redemption 2 Intro Completed Save-8-1-1572967435.rar
[2026-04-25 13:55:15] [INFO] Archive detected (non-zip, skipped for now): Red Dead Redemption 2 Intro Completed Save-8-1-1572967435.rar
[2026-04-25 13:55:17] [INFO] Archive detected (non-zip, skipped for now): Red Dead Redemption 2 Intro Completed Save-8-1-1572967435.rar
[2026-04-25 13:55:19] [INFO] Archive detected (non-zip, skipped for now): Red Dead Redemption 2 Intro Completed Save-8-1-1572967435.rar
[2026-04-25 13:55:21] [INFO] Archive detected (non-zip, skipped for now): Red Dead Redemption 2 Intro Completed Save-8-1-1572967435.rar
[2026-04-25 13:55:23] [INFO] Archive detected (non-zip, skipped for now): Red Dead Redemption 2 Intro Completed Save-8-1-1572967435.rar
[2026-04-25 13:55:25] [INFO] Archive detected (non-zip, skipped for now): Red Dead Redemption 2 Intro Completed Save-8-1-1572967435.rar
[2026-04-25 13:55:27] [INFO] Archive detected (non-zip, skipped for now): Red Dead Redemption 2 Intro Completed Save-8-1-1572967435.rar
[2026-04-25 13:55:29] [INFO] Archive detected (non-zip, skipped for now): Red Dead Redemption 2 Intro Completed Save-8-1-1572967435.rar
[2026-04-25 13:55:31] [INFO] Archive detected (non-zip, skipped for now): Red Dead Redemption 2 Intro Completed Save-8-1-1572967435.rar
[2026-04-25 13:55:33] [INFO] Archive detected (non-zip, skipped for now): Red Dead Redemption 2 Intro Completed Save-8-1-1572967435.rar
[2026-04-25 13:55:35] [INFO] Archive detected (non-zip, skipped for now): Red Dead Redemption 2 Intro Completed Save-8-1-1572967435.rar
[2026-04-25 13:55:37] [INFO] Archive detected (non-zip, skipped for now): Red Dead Redemption 2 Intro Completed Save-8-1-1572967435.rar
[2026-04-25 13:55:39] [INFO] Archive detected (non-zip, skipped for now): Red Dead Redemption 2 Intro Completed Save-8-1-1572967435.rar
[2026-04-25 13:55:41] [INFO] Archive detected (non-zip, skipped for now): Red Dead Redemption 2 Intro Completed Save-8-1-1572967435.rar
[2026-04-25 13:55:43] [INFO] Archive detected (non-zip, skipped for now): Red Dead Redemption 2 Intro Completed Save-8-1-1572967435.rar
[2026-04-25 13:55:45] [INFO] Archive detected (non-zip, skipped for now): Red Dead Redemption 2 Intro Completed Save-8-1-1572967435.rar
[2026-04-25 13:55:47] [INFO] Archive detected (non-zip, skipped for now): Red Dead Redemption 2 Intro Completed Save-8-1-1572967435.rar
[2026-04-25 13:55:49] [INFO] Archive detected (non-zip, skipped for now): Red Dead Redemption 2 Intro Completed Save-8-1-1572967435.rar
[2026-04-25 13:55:51] [INFO] Archive detected (non-zip, skipped for now): Red Dead Redemption 2 Intro Completed Save-8-1-1572967435.rar
[2026-04-25 13:55:53] [INFO] Archive detected (non-zip, skipped for now): Red Dead Redemption 2 Intro Completed Save-8-1-1572967435.rar
[2026-04-25 13:55:55] [INFO] Archive detected (non-zip, skipped for now): Red Dead Redemption 2 Intro Completed Save-8-1-1572967435.rar
[2026-04-25 13:55:57] [INFO] Archive detected (non-zip, skipped for now): Red Dead Redemption 2 Intro Completed Save-8-1-1572967435.rar
[2026-04-25 13:55:59] [INFO] Archive detected (non-zip, skipped for now): Red Dead Redemption 2 Intro Completed Save-8-1-1572967435.rar
[2026-04-25 13:56:01] [INFO] Archive detected (non-zip, skipped for now): Red Dead Redemption 2 Intro Completed Save-8-1-1572967435.rar
[2026-04-25 13:56:03] [INFO] Archive detected (non-zip, skipped for now): Red Dead Redemption 2 Intro Completed Save-8-1-1572967435.rar
[2026-04-25 13:56:05] [INFO] Archive detected (non-zip, skipped for now): Red Dead Redemption 2 Intro Completed Save-8-1-1572967435.rar
[2026-04-25 13:56:07] [INFO] Archive detected (non-zip, skipped for now): Red Dead Redemption 2 Intro Completed Save-8-1-1572967435.rar
[2026-04-25 13:56:09] [INFO] Archive detected (non-zip, skipped for now): Red Dead Redemption 2 Intro Completed Save-8-1-1572967435.rar
[2026-04-25 13:56:11] [INFO] Archive detected (non-zip, skipped for now): Red Dead Redemption 2 Intro Completed Save-8-1-1572967435.rar
[2026-04-25 13:56:13] [INFO] Archive detected (non-zip, skipped for now): Red Dead Redemption 2 Intro Completed Save-8-1-1572967435.rar
[2026-04-25 13:56:15] [INFO] Archive detected (non-zip, skipped for now): Red Dead Redemption 2 Intro Completed Save-8-1-1572967435.rar
[2026-04-25 13:56:17] [INFO] Archive detected (non-zip, skipped for now): Red Dead Redemption 2 Intro Completed Save-8-1-1572967435.rar
[2026-04-25 13:56:19] [INFO] Archive detected (non-zip, skipped for now): Red Dead Redemption 2 Intro Completed Save-8-1-1572967435.rar
[2026-04-25 13:56:21] [INFO] Archive detected (non-zip, skipped for now): Red Dead Redemption 2 Intro Completed Save-8-1-1572967435.rar
[2026-04-25 13:56:23] [INFO] Archive detected (non-zip, skipped for now): Red Dead Redemption 2 Intro Completed Save-8-1-1572967435.rar
[2026-04-25 13:56:25] [INFO] Archive detected (non-zip, skipped for now): Red Dead Redemption 2 Intro Completed Save-8-1-1572967435.rar
[2026-04-25 13:56:27] [INFO] Archive detected (non-zip, skipped for now): Red Dead Redemption 2 Intro Completed Save-8-1-1572967435.rar
[2026-04-25 13:56:29] [INFO] Archive detected (non-zip, skipped for now): Red Dead Redemption 2 Intro Completed Save-8-1-1572967435.rar
[2026-04-25 13:56:31] [INFO] Archive detected (non-zip, skipped for now): Red Dead Redemption 2 Intro Completed Save-8-1-1572967435.rar
[2026-04-25 13:56:33] [INFO] Archive detected (non-zip, skipped for now): Red Dead Redemption 2 Intro Completed Save-8-1-1572967435.rar
[2026-04-25 13:56:35] [INFO] Archive detected (non-zip, skipped for now): Red Dead Redemption 2 Intro Completed Save-8-1-1572967435.rar
[2026-04-25 13:56:37] [INFO] Archive detected (non-zip, skipped for now): Red Dead Redemption 2 Intro Completed Save-8-1-1572967435.rar
[2026-04-25 13:56:39] [INFO] Archive detected (non-zip, skipped for now): Red Dead Redemption 2 Intro Completed Save-8-1-1572967435.rar
[2026-04-25 13:56:41] [INFO] Archive detected (non-zip, skipped for now): Red Dead Redemption 2 Intro Completed Save-8-1-1572967435.rar
[2026-04-25 13:56:43] [INFO] Archive detected (non-zip, skipped for now): Red Dead Redemption 2 Intro Completed Save-8-1-1572967435.rar
[2026-04-25 13:56:45] [INFO] Archive detected (non-zip, skipped for now): Red Dead Redemption 2 Intro Completed Save-8-1-1572967435.rar
[2026-04-25 13:56:47] [INFO] Archive detected (non-zip, skipped for now): Red Dead Redemption 2 Intro Completed Save-8-1-1572967435.rar
[2026-04-25 13:56:49] [INFO] Archive detected (non-zip, skipped for now): Red Dead Redemption 2 Intro Completed Save-8-1-1572967435.rar
[2026-04-25 13:56:51] [INFO] Archive detected (non-zip, skipped for now): Red Dead Redemption 2 Intro Completed Save-8-1-1572967435.rar
[2026-04-25 13:56:53] [INFO] Archive detected (non-zip, skipped for now): Red Dead Redemption 2 Intro Completed Save-8-1-1572967435.rar
[2026-04-25 13:56:55] [INFO] Archive detected (non-zip, skipped for now): Red Dead Redemption 2 Intro Completed Save-8-1-1572967435.rar
[2026-04-25 13:56:57] [INFO] Archive detected (non-zip, skipped for now): Red Dead Redemption 2 Intro Completed Save-8-1-1572967435.rar
[2026-04-25 13:56:59] [INFO] Archive detected (non-zip, skipped for now): Red Dead Redemption 2 Intro Completed Save-8-1-1572967435.rar
[2026-04-25 13:57:01] [INFO] Archive detected (non-zip, skipped for now): Red Dead Redemption 2 Intro Completed Save-8-1-1572967435.rar
[2026-04-25 13:57:03] [INFO] Archive detected (non-zip, skipped for now): Red Dead Redemption 2 Intro Completed Save-8-1-1572967435.rar
[2026-04-25 13:57:05] [INFO] Archive detected (non-zip, skipped for now): Red Dead Redemption 2 Intro Completed Save-8-1-1572967435.rar
[2026-04-25 13:57:07] [INFO] Archive detected (non-zip, skipped for now): Red Dead Redemption 2 Intro Completed Save-8-1-1572967435.rar
[2026-04-25 13:57:07] [INFO] Watching folder: C:\Users\mariu\Downloads
[2026-04-25 13:57:07] [INFO] Process existing on startup: True
[2026-04-25 13:57:07] [INFO] Archive detected (non-zip, skipped for now): Red Dead Redemption 2 Intro Completed Save-8-1-1572967435.rar
[2026-04-25 13:57:09] [INFO] Archive detected (non-zip, skipped for now): Red Dead Redemption 2 Intro Completed Save-8-1-1572967435.rar
[2026-04-25 13:57:11] [INFO] Archive detected (non-zip, skipped for now): Red Dead Redemption 2 Intro Completed Save-8-1-1572967435.rar
[2026-04-25 13:57:13] [INFO] Archive detected (non-zip, skipped for now): Red Dead Redemption 2 Intro Completed Save-8-1-1572967435.rar
[2026-04-25 13:57:15] [INFO] Archive detected (non-zip, skipped for now): Red Dead Redemption 2 Intro Completed Save-8-1-1572967435.rar
[2026-04-25 13:57:17] [INFO] Archive detected (non-zip, skipped for now): Red Dead Redemption 2 Intro Completed Save-8-1-1572967435.rar
[2026-04-25 13:57:19] [INFO] Archive detected (non-zip, skipped for now): Red Dead Redemption 2 Intro Completed Save-8-1-1572967435.rar
[2026-04-25 13:57:21] [INFO] Archive detected (non-zip, skipped for now): Red Dead Redemption 2 Intro Completed Save-8-1-1572967435.rar
[2026-04-25 13:57:23] [INFO] Archive detected (non-zip, skipped for now): Red Dead Redemption 2 Intro Completed Save-8-1-1572967435.rar
[2026-04-25 13:57:25] [INFO] Archive detected (non-zip, skipped for now): Red Dead Redemption 2 Intro Completed Save-8-1-1572967435.rar
[2026-04-25 13:57:27] [INFO] Archive detected (non-zip, skipped for now): Red Dead Redemption 2 Intro Completed Save-8-1-1572967435.rar
[2026-04-25 13:57:29] [INFO] Archive detected (non-zip, skipped for now): Red Dead Redemption 2 Intro Completed Save-8-1-1572967435.rar
[2026-04-25 13:57:31] [INFO] Archive detected (non-zip, skipped for now): Red Dead Redemption 2 Intro Completed Save-8-1-1572967435.rar
[2026-04-25 13:57:33] [INFO] Archive detected (non-zip, skipped for now): Red Dead Redemption 2 Intro Completed Save-8-1-1572967435.rar
[2026-04-25 13:57:35] [INFO] Archive detected (non-zip, skipped for now): Red Dead Redemption 2 Intro Completed Save-8-1-1572967435.rar
[2026-04-25 13:57:37] [INFO] Archive detected (non-zip, skipped for now): Red Dead Redemption 2 Intro Completed Save-8-1-1572967435.rar
[2026-04-25 13:57:39] [INFO] Archive detected (non-zip, skipped for now): Red Dead Redemption 2 Intro Completed Save-8-1-1572967435.rar
[2026-04-25 13:57:41] [INFO] Archive detected (non-zip, skipped for now): Red Dead Redemption 2 Intro Completed Save-8-1-1572967435.rar
[2026-04-25 13:57:43] [INFO] Archive detected (non-zip, skipped for now): Red Dead Redemption 2 Intro Completed Save-8-1-1572967435.rar
[2026-04-25 13:57:45] [INFO] Archive detected (non-zip, skipped for now): Red Dead Redemption 2 Intro Completed Save-8-1-1572967435.rar
[2026-04-25 13:57:47] [INFO] Archive detected (non-zip, skipped for now): Red Dead Redemption 2 Intro Completed Save-8-1-1572967435.rar
[2026-04-25 13:57:49] [INFO] Archive detected (non-zip, skipped for now): Red Dead Redemption 2 Intro Completed Save-8-1-1572967435.rar
[2026-04-25 13:57:51] [INFO] Archive detected (non-zip, skipped for now): Red Dead Redemption 2 Intro Completed Save-8-1-1572967435.rar
[2026-04-25 13:57:53] [INFO] Archive detected (non-zip, skipped for now): Red Dead Redemption 2 Intro Completed Save-8-1-1572967435.rar
[2026-04-25 13:57:55] [INFO] Archive detected (non-zip, skipped for now): Red Dead Redemption 2 Intro Completed Save-8-1-1572967435.rar
[2026-04-25 13:57:57] [INFO] Archive detected (non-zip, skipped for now): Red Dead Redemption 2 Intro Completed Save-8-1-1572967435.rar
[2026-04-25 13:57:59] [INFO] Archive detected (non-zip, skipped for now): Red Dead Redemption 2 Intro Completed Save-8-1-1572967435.rar
[2026-04-25 13:58:01] [INFO] Archive detected (non-zip, skipped for now): Red Dead Redemption 2 Intro Completed Save-8-1-1572967435.rar
[2026-04-25 13:58:03] [INFO] Archive detected (non-zip, skipped for now): Red Dead Redemption 2 Intro Completed Save-8-1-1572967435.rar
[2026-04-25 13:58:05] [INFO] Archive detected (non-zip, skipped for now): Red Dead Redemption 2 Intro Completed Save-8-1-1572967435.rar
[2026-04-25 13:58:07] [INFO] Archive detected (non-zip, skipped for now): Red Dead Redemption 2 Intro Completed Save-8-1-1572967435.rar
[2026-04-25 13:58:09] [INFO] Archive detected (non-zip, skipped for now): Red Dead Redemption 2 Intro Completed Save-8-1-1572967435.rar
[2026-04-25 13:58:11] [INFO] Archive detected (non-zip, skipped for now): Red Dead Redemption 2 Intro Completed Save-8-1-1572967435.rar
[2026-04-25 13:58:13] [INFO] Archive detected (non-zip, skipped for now): Red Dead Redemption 2 Intro Completed Save-8-1-1572967435.rar
[2026-04-25 13:58:15] [INFO] Archive detected (non-zip, skipped for now): Red Dead Redemption 2 Intro Completed Save-8-1-1572967435.rar
[2026-04-25 13:58:17] [INFO] Archive detected (non-zip, skipped for now): Red Dead Redemption 2 Intro Completed Save-8-1-1572967435.rar
[2026-04-25 13:58:19] [INFO] Archive detected (non-zip, skipped for now): Red Dead Redemption 2 Intro Completed Save-8-1-1572967435.rar
[2026-04-25 13:58:21] [INFO] Archive detected (non-zip, skipped for now): Red Dead Redemption 2 Intro Completed Save-8-1-1572967435.rar
[2026-04-25 13:58:23] [INFO] Archive detected (non-zip, skipped for now): Red Dead Redemption 2 Intro Completed Save-8-1-1572967435.rar
[2026-04-25 13:58:25] [INFO] Archive detected (non-zip, skipped for now): Red Dead Redemption 2 Intro Completed Save-8-1-1572967435.rar
[2026-04-25 13:59:42] [INFO] Watching folder: C:\Users\mariu\Downloads
[2026-04-25 13:59:42] [INFO] Process existing on startup: True
[2026-04-25 14:17:10] [INFO] Watching folder: C:\Users\mariu\Downloads
[2026-04-25 14:17:10] [INFO] Process existing on startup: True
[2026-04-25 14:25:57] [INFO] Watching folder: C:\Users\mariu\Downloads
[2026-04-25 14:25:57] [INFO] Process existing on startup: True
[2026-04-25 14:26:12] [INFO] Watching folder: C:\Users\mariu\Downloads
[2026-04-25 14:26:12] [INFO] Process existing on startup: True
[2026-04-25 14:31:22] [INFO] Watching folder: C:\Users\mariu\Downloads
[2026-04-25 14:31:22] [INFO] Process existing on startup: True
[2026-04-25 14:31:26] [WARNING] Downloads sorter is already running. Exiting duplicate instance.
